[debug] [2025-04-10T08:13:36.518Z] ----------------------------------------------------------------------
[debug] [2025-04-10T08:13:36.521Z] Command:       C:\Program Files\nodejs\node.exe C:\Users\tabra\AppData\Roaming\npm\node_modules\firebase-tools\lib\bin\firebase.js init
[debug] [2025-04-10T08:13:36.521Z] CLI Version:   14.1.0
[debug] [2025-04-10T08:13:36.522Z] Platform:      win32
[debug] [2025-04-10T08:13:36.522Z] Node Version:  v23.5.0
[debug] [2025-04-10T08:13:36.522Z] Time:          Thu Apr 10 2025 13:43:36 GMT+0530 (India Standard Time)
[debug] [2025-04-10T08:13:36.522Z] ----------------------------------------------------------------------
[debug] 
[debug] [2025-04-10T08:13:36.531Z] > command requires scopes: ["email","openid","https://www.googleapis.com/auth/cloudplatformprojects.readonly","https://www.googleapis.com/auth/firebase","https://www.googleapis.com/auth/cloud-platform"]
[debug] [2025-04-10T08:13:36.531Z] > authorizing via signed-in user (workwithmealways1@gmail.com)
[info] 
     ######## #### ########  ######## ########     ###     ######  ########
     ##        ##  ##     ## ##       ##     ##  ##   ##  ##       ##
     ######    ##  ########  ######   ########  #########  ######  ######
     ##        ##  ##    ##  ##       ##     ## ##     ##       ## ##
     ##       #### ##     ## ######## ########  ##     ##  ######  ########

You're about to initialize a Firebase project in this directory:

  D:\git

[info] 
=== Project Setup
[info] 
[info] First, let's associate this project directory with a Firebase project.
[info] You can create multiple project aliases by running firebase use --add, 
[info] but for now we'll just set up a default project.
[info] 
[debug] [2025-04-10T08:15:26.517Z] Checked if tokens are valid: true, expires at: 1744276143350
[debug] [2025-04-10T08:15:26.517Z] Checked if tokens are valid: true, expires at: 1744276143350
[debug] [2025-04-10T08:15:26.519Z] >>> [apiv2][query] GET https://firebase.googleapis.com/v1beta1/projects pageSize=100
[debug] [2025-04-10T08:15:27.226Z] <<< [apiv2][status] GET https://firebase.googleapis.com/v1beta1/projects 200
[debug] [2025-04-10T08:15:27.227Z] <<< [apiv2][body] GET https://firebase.googleapis.com/v1beta1/projects [omitted]
[info] i  Using project gift-recommendation-platform (Gift-recommendation-platform) 
[info] 
=== Firestore Setup
[debug] [2025-04-10T08:15:29.336Z] Checked if tokens are valid: true, expires at: 1744276143350
[debug] [2025-04-10T08:15:29.337Z] Checked if tokens are valid: true, expires at: 1744276143350
[debug] [2025-04-10T08:15:29.337Z] >>> [apiv2][query] GET https://serviceusage.googleapis.com/v1/projects/gift-recommendation-platform/services/firestore.googleapis.com [none]
[debug] [2025-04-10T08:15:29.337Z] >>> [apiv2][(partial)header] GET https://serviceusage.googleapis.com/v1/projects/gift-recommendation-platform/services/firestore.googleapis.com x-goog-quota-user=projects/gift-recommendation-platform
[debug] [2025-04-10T08:15:31.054Z] <<< [apiv2][status] GET https://serviceusage.googleapis.com/v1/projects/gift-recommendation-platform/services/firestore.googleapis.com 200
[debug] [2025-04-10T08:15:31.055Z] <<< [apiv2][body] GET https://serviceusage.googleapis.com/v1/projects/gift-recommendation-platform/services/firestore.googleapis.com [omitted]
[debug] [2025-04-10T08:15:31.056Z] Checked if tokens are valid: true, expires at: 1744276143350
[debug] [2025-04-10T08:15:31.057Z] Checked if tokens are valid: true, expires at: 1744276143350
[debug] [2025-04-10T08:15:31.057Z] >>> [apiv2][query] GET https://firestore.googleapis.com/v1/projects/gift-recommendation-platform/databases/(default) [none]
[debug] [2025-04-10T08:15:31.407Z] <<< [apiv2][status] GET https://firestore.googleapis.com/v1/projects/gift-recommendation-platform/databases/(default) 200
[debug] [2025-04-10T08:15:31.407Z] <<< [apiv2][body] GET https://firestore.googleapis.com/v1/projects/gift-recommendation-platform/databases/(default) {"name":"projects/gift-recommendation-platform/databases/(default)","uid":"192ebd4d-0c1b-468d-933d-b0aae4787623","createTime":"2025-04-10T07:54:41.961536Z","updateTime":"2025-04-10T07:54:41.961536Z","locationId":"asia-south1","type":"FIRESTORE_NATIVE","concurrencyMode":"PESSIMISTIC","versionRetentionPeriod":"3600s","earliestVersionTime":"2025-04-10T07:54:41.961536Z","appEngineIntegrationMode":"DISABLED","keyPrefix":"j","pointInTimeRecoveryEnablement":"POINT_IN_TIME_RECOVERY_DISABLED","deleteProtectionState":"DELETE_PROTECTION_DISABLED","databaseEdition":"STANDARD","freeTier":true,"etag":"II74sIODzYwDMPeekuP+zIwD"}
[debug] [2025-04-10T08:15:31.407Z] database_type: FIRESTORE_NATIVE
[debug] [2025-04-10T08:15:31.407Z] database_type: FIRESTORE_NATIVE
[debug] [2025-04-10T08:15:31.408Z] > command requires scopes: ["email","openid","https://www.googleapis.com/auth/cloudplatformprojects.readonly","https://www.googleapis.com/auth/firebase","https://www.googleapis.com/auth/cloud-platform"]
[debug] [2025-04-10T08:15:31.408Z] > authorizing via signed-in user (workwithmealways1@gmail.com)
[debug] [2025-04-10T08:15:31.408Z] [iam] checking project gift-recommendation-platform for permissions ["firebase.projects.get"]
[debug] [2025-04-10T08:15:31.409Z] Checked if tokens are valid: true, expires at: 1744276143350
[debug] [2025-04-10T08:15:31.409Z] Checked if tokens are valid: true, expires at: 1744276143350
[debug] [2025-04-10T08:15:31.409Z] >>> [apiv2][query] POST https://cloudresourcemanager.googleapis.com/v1/projects/gift-recommendation-platform:testIamPermissions [none]
[debug] [2025-04-10T08:15:31.409Z] >>> [apiv2][(partial)header] POST https://cloudresourcemanager.googleapis.com/v1/projects/gift-recommendation-platform:testIamPermissions x-goog-quota-user=projects/gift-recommendation-platform
[debug] [2025-04-10T08:15:31.409Z] >>> [apiv2][body] POST https://cloudresourcemanager.googleapis.com/v1/projects/gift-recommendation-platform:testIamPermissions {"permissions":["firebase.projects.get"]}
[debug] [2025-04-10T08:15:32.846Z] <<< [apiv2][status] POST https://cloudresourcemanager.googleapis.com/v1/projects/gift-recommendation-platform:testIamPermissions 200
[debug] [2025-04-10T08:15:32.846Z] <<< [apiv2][body] POST https://cloudresourcemanager.googleapis.com/v1/projects/gift-recommendation-platform:testIamPermissions {"permissions":["firebase.projects.get"]}
[info] 
[info] Firestore Security Rules allow you to define how and when to allow
[info] requests. You can keep these rules in your project directory
[info] and publish them with firebase deploy.
[info] 
[debug] [2025-04-10T08:15:53.234Z] Checked if tokens are valid: true, expires at: 1744276143350
[debug] [2025-04-10T08:15:53.235Z] Checked if tokens are valid: true, expires at: 1744276143350
[debug] [2025-04-10T08:15:53.235Z] >>> [apiv2][query] GET https://firebaserules.googleapis.com/v1/projects/gift-recommendation-platform/releases pageSize=10&pageToken=
[debug] [2025-04-10T08:15:54.771Z] <<< [apiv2][status] GET https://firebaserules.googleapis.com/v1/projects/gift-recommendation-platform/releases 200
[debug] [2025-04-10T08:15:54.772Z] <<< [apiv2][body] GET https://firebaserules.googleapis.com/v1/projects/gift-recommendation-platform/releases {"releases":[{"name":"projects/gift-recommendation-platform/releases/cloud.firestore","rulesetName":"projects/gift-recommendation-platform/rulesets/3642f03b-1568-4c16-b593-901488f2390d","createTime":"2025-04-10T07:54:49.825880Z","updateTime":"2025-04-10T07:54:49.825880Z"}]}
[debug] [2025-04-10T08:15:54.772Z] Found ruleset: projects/gift-recommendation-platform/rulesets/3642f03b-1568-4c16-b593-901488f2390d
[debug] [2025-04-10T08:15:54.772Z] Checked if tokens are valid: true, expires at: 1744276143350
[debug] [2025-04-10T08:15:54.772Z] Checked if tokens are valid: true, expires at: 1744276143350
[debug] [2025-04-10T08:15:54.772Z] >>> [apiv2][query] GET https://firebaserules.googleapis.com/v1/projects/gift-recommendation-platform/rulesets/3642f03b-1568-4c16-b593-901488f2390d [none]
[debug] [2025-04-10T08:15:56.092Z] <<< [apiv2][status] GET https://firebaserules.googleapis.com/v1/projects/gift-recommendation-platform/rulesets/3642f03b-1568-4c16-b593-901488f2390d 200
[debug] [2025-04-10T08:15:56.092Z] <<< [apiv2][body] GET https://firebaserules.googleapis.com/v1/projects/gift-recommendation-platform/rulesets/3642f03b-1568-4c16-b593-901488f2390d [omitted]
[info] 
[info] Firestore indexes allow you to perform complex queries while
[info] maintaining performance that scales with the size of the result
[info] set. You can keep index definitions in your project directory
[info] and publish them with firebase deploy.
[info] 
[debug] [2025-04-10T08:16:05.907Z] Checked if tokens are valid: true, expires at: 1744276143350
[debug] [2025-04-10T08:16:05.907Z] Checked if tokens are valid: true, expires at: 1744276143350
[debug] [2025-04-10T08:16:05.907Z] Checked if tokens are valid: true, expires at: 1744276143350
[debug] [2025-04-10T08:16:05.908Z] Checked if tokens are valid: true, expires at: 1744276143350
[debug] [2025-04-10T08:16:05.908Z] >>> [apiv2][query] GET https://firestore.googleapis.com/v1/projects/gift-recommendation-platform/databases/(default)/collectionGroups/-/indexes [none]
[debug] [2025-04-10T08:16:05.910Z] >>> [apiv2][query] GET https://firestore.googleapis.com/v1/projects/gift-recommendation-platform/databases/(default)/collectionGroups/-/fields?filter=indexConfig.usesAncestorConfig=false OR ttlConfig:* [none]
[debug] [2025-04-10T08:16:06.327Z] <<< [apiv2][status] GET https://firestore.googleapis.com/v1/projects/gift-recommendation-platform/databases/(default)/collectionGroups/-/fields?filter=indexConfig.usesAncestorConfig=false OR ttlConfig:* 200
[debug] [2025-04-10T08:16:06.327Z] <<< [apiv2][body] GET https://firestore.googleapis.com/v1/projects/gift-recommendation-platform/databases/(default)/collectionGroups/-/fields?filter=indexConfig.usesAncestorConfig=false OR ttlConfig:* {"fields":[{"name":"projects/gift-recommendation-platform/databases/(default)/collectionGroups/__default__/fields/*","indexConfig":{"indexes":[{"queryScope":"COLLECTION","fields":[{"fieldPath":"*","order":"ASCENDING"}],"state":"READY"},{"queryScope":"COLLECTION","fields":[{"fieldPath":"*","order":"DESCENDING"}],"state":"READY"},{"queryScope":"COLLECTION","fields":[{"fieldPath":"*","arrayConfig":"CONTAINS"}],"state":"READY"}]}}]}
[debug] [2025-04-10T08:16:06.328Z] <<< [apiv2][status] GET https://firestore.googleapis.com/v1/projects/gift-recommendation-platform/databases/(default)/collectionGroups/-/indexes 200
[debug] [2025-04-10T08:16:06.328Z] <<< [apiv2][body] GET https://firestore.googleapis.com/v1/projects/gift-recommendation-platform/databases/(default)/collectionGroups/-/indexes {}
[info] 
=== Functions Setup
[debug] [2025-04-10T08:16:06.331Z] > command requires scopes: ["email","openid","https://www.googleapis.com/auth/cloudplatformprojects.readonly","https://www.googleapis.com/auth/firebase","https://www.googleapis.com/auth/cloud-platform"]
[debug] [2025-04-10T08:16:06.332Z] > authorizing via signed-in user (workwithmealways1@gmail.com)
[debug] [2025-04-10T08:16:06.332Z] [iam] checking project gift-recommendation-platform for permissions ["firebase.projects.get"]
[debug] [2025-04-10T08:16:06.332Z] Checked if tokens are valid: true, expires at: 1744276143350
[debug] [2025-04-10T08:16:06.332Z] Checked if tokens are valid: true, expires at: 1744276143350
[debug] [2025-04-10T08:16:06.332Z] >>> [apiv2][query] POST https://cloudresourcemanager.googleapis.com/v1/projects/gift-recommendation-platform:testIamPermissions [none]
[debug] [2025-04-10T08:16:06.332Z] >>> [apiv2][(partial)header] POST https://cloudresourcemanager.googleapis.com/v1/projects/gift-recommendation-platform:testIamPermissions x-goog-quota-user=projects/gift-recommendation-platform
[debug] [2025-04-10T08:16:06.332Z] >>> [apiv2][body] POST https://cloudresourcemanager.googleapis.com/v1/projects/gift-recommendation-platform:testIamPermissions {"permissions":["firebase.projects.get"]}
[debug] [2025-04-10T08:16:07.673Z] <<< [apiv2][status] POST https://cloudresourcemanager.googleapis.com/v1/projects/gift-recommendation-platform:testIamPermissions 200
[debug] [2025-04-10T08:16:07.673Z] <<< [apiv2][body] POST https://cloudresourcemanager.googleapis.com/v1/projects/gift-recommendation-platform:testIamPermissions {"permissions":["firebase.projects.get"]}
[debug] [2025-04-10T08:16:07.674Z] Checked if tokens are valid: true, expires at: 1744276143350
[debug] [2025-04-10T08:16:07.674Z] Checked if tokens are valid: true, expires at: 1744276143350
[debug] [2025-04-10T08:16:07.674Z] Checked if tokens are valid: true, expires at: 1744276143350
[debug] [2025-04-10T08:16:07.674Z] Checked if tokens are valid: true, expires at: 1744276143350
[debug] [2025-04-10T08:16:07.674Z] >>> [apiv2][query] GET https://serviceusage.googleapis.com/v1/projects/gift-recommendation-platform/services/cloudfunctions.googleapis.com [none]
[debug] [2025-04-10T08:16:07.674Z] >>> [apiv2][(partial)header] GET https://serviceusage.googleapis.com/v1/projects/gift-recommendation-platform/services/cloudfunctions.googleapis.com x-goog-quota-user=projects/gift-recommendation-platform
[debug] [2025-04-10T08:16:07.677Z] >>> [apiv2][query] GET https://serviceusage.googleapis.com/v1/projects/gift-recommendation-platform/services/runtimeconfig.googleapis.com [none]
[debug] [2025-04-10T08:16:07.677Z] >>> [apiv2][(partial)header] GET https://serviceusage.googleapis.com/v1/projects/gift-recommendation-platform/services/runtimeconfig.googleapis.com x-goog-quota-user=projects/gift-recommendation-platform
[debug] [2025-04-10T08:16:09.409Z] <<< [apiv2][status] GET https://serviceusage.googleapis.com/v1/projects/gift-recommendation-platform/services/runtimeconfig.googleapis.com 200
[debug] [2025-04-10T08:16:09.409Z] <<< [apiv2][body] GET https://serviceusage.googleapis.com/v1/projects/gift-recommendation-platform/services/runtimeconfig.googleapis.com [omitted]
[debug] [2025-04-10T08:16:09.412Z] <<< [apiv2][status] GET https://serviceusage.googleapis.com/v1/projects/gift-recommendation-platform/services/cloudfunctions.googleapis.com 200
[debug] [2025-04-10T08:16:09.412Z] <<< [apiv2][body] GET https://serviceusage.googleapis.com/v1/projects/gift-recommendation-platform/services/cloudfunctions.googleapis.com [omitted]
[debug] [2025-04-10T08:16:09.413Z] Checked if tokens are valid: true, expires at: 1744276143350
[debug] [2025-04-10T08:16:09.413Z] Checked if tokens are valid: true, expires at: 1744276143350
[debug] [2025-04-10T08:16:09.413Z] >>> [apiv2][query] POST https://serviceusage.googleapis.com/v1/projects/gift-recommendation-platform/services/cloudfunctions.googleapis.com:enable [none]
[debug] [2025-04-10T08:16:09.413Z] >>> [apiv2][(partial)header] POST https://serviceusage.googleapis.com/v1/projects/gift-recommendation-platform/services/cloudfunctions.googleapis.com:enable x-goog-quota-user=projects/gift-recommendation-platform
[debug] [2025-04-10T08:16:10.013Z] <<< [apiv2][status] POST https://serviceusage.googleapis.com/v1/projects/gift-recommendation-platform/services/cloudfunctions.googleapis.com:enable 200
[debug] [2025-04-10T08:16:10.013Z] <<< [apiv2][body] POST https://serviceusage.googleapis.com/v1/projects/gift-recommendation-platform/services/cloudfunctions.googleapis.com:enable [omitted]
[debug] [2025-04-10T08:16:20.024Z] Checked if tokens are valid: true, expires at: 1744276143350
[debug] [2025-04-10T08:16:20.024Z] Checked if tokens are valid: true, expires at: 1744276143350
[debug] [2025-04-10T08:16:20.024Z] >>> [apiv2][query] GET https://serviceusage.googleapis.com/v1/projects/gift-recommendation-platform/services/cloudfunctions.googleapis.com [none]
[debug] [2025-04-10T08:16:20.024Z] >>> [apiv2][(partial)header] GET https://serviceusage.googleapis.com/v1/projects/gift-recommendation-platform/services/cloudfunctions.googleapis.com x-goog-quota-user=projects/gift-recommendation-platform
[debug] [2025-04-10T08:16:21.975Z] <<< [apiv2][status] GET https://serviceusage.googleapis.com/v1/projects/gift-recommendation-platform/services/cloudfunctions.googleapis.com 200
[debug] [2025-04-10T08:16:21.976Z] <<< [apiv2][body] GET https://serviceusage.googleapis.com/v1/projects/gift-recommendation-platform/services/cloudfunctions.googleapis.com [omitted]
[info] Let's create a new codebase for your functions.
[info] A directory corresponding to the codebase will be created in your project
[info] with sample code pre-configured.

[info] See https://firebase.google.com/docs/functions/organize-functions for
[info] more information on organizing your functions using codebases.

[info] Functions can be deployed with firebase deploy.

[info] +  Wrote functions/package.json 
[info] +  Wrote functions/.eslintrc.js 
[info] +  Wrote functions/index.js 
[info] +  Wrote functions/.gitignore 
[info] 
=== Hosting Setup
[debug] [2025-04-10T08:18:00.300Z] Checked if tokens are valid: true, expires at: 1744276143350
[debug] [2025-04-10T08:18:00.301Z] Checked if tokens are valid: true, expires at: 1744276143350
[debug] [2025-04-10T08:18:00.301Z] >>> [apiv2][query] GET https://firebase.googleapis.com/v1beta1/projects/gift-recommendation-platform [none]
[debug] [2025-04-10T08:18:00.717Z] <<< [apiv2][status] GET https://firebase.googleapis.com/v1beta1/projects/gift-recommendation-platform 200
[debug] [2025-04-10T08:18:00.717Z] <<< [apiv2][body] GET https://firebase.googleapis.com/v1beta1/projects/gift-recommendation-platform {"projectId":"gift-recommendation-platform","projectNumber":"910411131723","displayName":"Gift-recommendation-platform","name":"projects/gift-recommendation-platform","resources":{"hostingSite":"gift-recommendation-platform"},"state":"ACTIVE","etag":"1_5c6ca29a-732b-4d88-a471-2990af9a33fb"}
[info] 
[info] Your public directory is the folder (relative to your project directory) that
[info] will contain Hosting assets to be uploaded with firebase deploy. If you
[info] have a build process for your assets, use your build's output directory.
[info] 
[debug] [2025-04-10T08:18:57.365Z] >>> [apiv2][query] GET https://www.gstatic.com/firebasejs/releases.json [none]
[debug] [2025-04-10T08:18:57.495Z] <<< [apiv2][status] GET https://www.gstatic.com/firebasejs/releases.json 200
[debug] [2025-04-10T08:18:57.495Z] <<< [apiv2][body] GET https://www.gstatic.com/firebasejs/releases.json {"current":{"version":"11.6.0","browserURL":"https://www.gstatic.com/firebasejs/11.6.0/firebase.js","packageURL":"https://www.gstatic.com/firebasejs/11.6.0/firebase.tgz"},"live":{"version":"11.6","browserURL":"https://www.gstatic.com/firebasejs/live/11.6/firebase.js","packageURL":"https://www.gstatic.com/firebasejs/live/11.6/firebase.tgz"},"components":{"analytics":"https://www.gstatic.com/firebasejs/11.6.0/firebase-analytics.js","app":"https://www.gstatic.com/firebasejs/11.6.0/firebase-app.js","app-check":"https://www.gstatic.com/firebasejs/11.6.0/firebase-app-check.js","auth":"https://www.gstatic.com/firebasejs/11.6.0/firebase-auth.js","auth/cordova":"https://www.gstatic.com/firebasejs/11.6.0/firebase-auth/cordova.js","auth/web-extension":"https://www.gstatic.com/firebasejs/11.6.0/firebase-auth/web-extension.js","functions":"https://www.gstatic.com/firebasejs/11.6.0/firebase-functions.js","firestore":"https://www.gstatic.com/firebasejs/11.6.0/firebase-firestore.js","firestore/lite":"https://www.gstatic.com/firebasejs/11.6.0/firebase-firestore/lite.js","installations":"https://www.gstatic.com/firebasejs/11.6.0/firebase-installations.js","storage":"https://www.gstatic.com/firebasejs/11.6.0/firebase-storage.js","performance":"https://www.gstatic.com/firebasejs/11.6.0/firebase-performance.js","remote-config":"https://www.gstatic.com/firebasejs/11.6.0/firebase-remote-config.js","messaging":"https://www.gstatic.com/firebasejs/11.6.0/firebase-messaging.js","messaging/sw":"https://www.gstatic.com/firebasejs/11.6.0/firebase-messaging/sw.js","database":"https://www.gstatic.com/firebasejs/11.6.0/firebase-database.js","vertexai":"https://www.gstatic.com/firebasejs/11.6.0/firebase-vertexai.js","data-connect":"https://www.gstatic.com/firebasejs/11.6.0/firebase-data-connect.js","firestore.memory":"https://www.gstatic.com/firebasejs/11.6.0/firebase-firestore.memory.js"}}
[info] +  Wrote y/index.html 
[info] 
[info] i  Didn't detect a .git folder. Assuming D:\git is the project root. 
[info] i  Authorizing with GitHub to upload your service account to a GitHub repository's secrets store. 
[info] 
[info] Visit this URL on this device to log in:
[info] https://github.com/login/oauth/authorize?client_id=89cf50f02ac6aaed3484&state=631315824&redirect_uri=http%3A%2F%2Flocalhost%3A9005&scope=read%3Auser%20repo%20public_repo
[info] 
[info] Waiting for authentication...
[debug] [2025-04-10T08:19:21.618Z] >>> [apiv2][query] POST https://github.com/login/oauth/access_token [none]
[debug] [2025-04-10T08:19:21.619Z] >>> [apiv2][body] POST https://github.com/login/oauth/access_token [stream]
[debug] [2025-04-10T08:19:22.060Z] <<< [apiv2][status] POST https://github.com/login/oauth/access_token 200
[debug] [2025-04-10T08:19:22.060Z] <<< [apiv2][body] POST https://github.com/login/oauth/access_token {"access_token":"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","token_type":"bearer","scope":"read:user,repo"}
[debug] [2025-04-10T08:19:22.068Z] >>> [apiv2][query] GET https://api.github.com/user [none]
[debug] [2025-04-10T08:19:22.531Z] <<< [apiv2][status] GET https://api.github.com/user 200
[debug] [2025-04-10T08:19:22.531Z] <<< [apiv2][body] GET https://api.github.com/user {"login":"Workwithmealways","id":194055687,"node_id":"U_kgDOC5EOBw","avatar_url":"https://avatars.githubusercontent.com/u/194055687?v=4","gravatar_id":"","url":"https://api.github.com/users/Workwithmealways","html_url":"https://github.com/Workwithmealways","followers_url":"https://api.github.com/users/Workwithmealways/followers","following_url":"https://api.github.com/users/Workwithmealways/following{/other_user}","gists_url":"https://api.github.com/users/Workwithmealways/gists{/gist_id}","starred_url":"https://api.github.com/users/Workwithmealways/starred{/owner}{/repo}","subscriptions_url":"https://api.github.com/users/Workwithmealways/subscriptions","organizations_url":"https://api.github.com/users/Workwithmealways/orgs","repos_url":"https://api.github.com/users/Workwithmealways/repos","events_url":"https://api.github.com/users/Workwithmealways/events{/privacy}","received_events_url":"https://api.github.com/users/Workwithmealways/received_events","type":"User","user_view_type":"private","site_admin":false,"name":null,"company":null,"blog":"","location":null,"email":null,"hireable":null,"bio":null,"twitter_username":null,"notification_email":null,"public_repos":5,"public_gists":0,"followers":0,"following":1,"created_at":"2025-01-07T05:27:29Z","updated_at":"2025-04-10T06:16:04Z","private_gists":0,"total_private_repos":2,"owned_private_repos":2,"disk_usage":2613,"collaborators":0,"two_factor_authentication":false,"plan":{"name":"free","space":976562499,"collaborators":0,"private_repos":10000}}
[info] 
[info] +  Success! Logged into GitHub as Workwithmealways 
[info] 
